[2026-04-13T04:33:09Z] BEGIN run-2
[2026-04-13T04:33:09Z] Using ephemeral port 58423
[2026-04-13T04:33:09Z] Running typecheck

> bruno-advisory@0.1.0 typecheck
> npm run typecheck -w @bruno-advisory/web


> @bruno-advisory/web@0.1.0 typecheck
> tsc --project tsconfig.json --noEmit

[2026-04-13T04:33:11Z] Running build

> bruno-advisory@0.1.0 build
> npm run build -w @bruno-advisory/web


> @bruno-advisory/web@0.1.0 build
> next build

▲ Next.js 16.2.3 (Turbopack)

  Creating an optimized production build ...
✓ Compiled successfully in 4.8s
  Running TypeScript ...
  Finished TypeScript in 4.0s ...
  Collecting page data using 6 workers ...
  Generating static pages using 6 workers (0/5) ...
  Generating static pages using 6 workers (1/5) 
  Generating static pages using 6 workers (2/5) 
  Generating static pages using 6 workers (3/5) 
✓ Generating static pages using 6 workers (5/5) in 639ms
  Finalizing page optimization ...

Route (app)
┌ ○ /
├ ○ /_not-found
├ ƒ /api/health
└ ○ /health


○  (Static)   prerendered as static content
ƒ  (Dynamic)  server-rendered on demand

[2026-04-13T04:33:24Z] Starting built app server
[2026-04-13T04:33:26Z] Capturing health endpoint
[2026-04-13T04:33:26Z] Capturing Control Room HTML
[2026-04-13T04:33:26Z] T0 verification passed
[2026-04-13T04:33:26Z] END run-2 OK
