[2026-04-14T03:17:06Z] CI_LOCAL_START
[2026-04-14T03:17:06Z] Recording dependency tree
[2026-04-14T03:17:08Z] Running npm audit
npm audit ok
[2026-04-14T03:17:09Z] Running verification pass 1
[2026-04-14T03:17:09Z] BEGIN run-1
[2026-04-14T03:17:09Z] Using ephemeral port 33595
[2026-04-14T03:17:09Z] Running typecheck

> bruno-advisory@0.1.0 typecheck
> npm run typecheck -w @bruno-advisory/web


> @bruno-advisory/web@0.1.0 typecheck
> tsc --project tsconfig.json --noEmit

[2026-04-14T03:17:12Z] Running build

> bruno-advisory@0.1.0 build
> npm run build -w @bruno-advisory/web


> @bruno-advisory/web@0.1.0 build
> next build

▲ Next.js 16.2.3 (Turbopack)

  Creating an optimized production build ...
✓ Compiled successfully in 6.0s
  Running TypeScript ...
  Finished TypeScript in 6.0s ...
  Collecting page data using 7 workers ...
  Generating static pages using 7 workers (0/12) ...
  Generating static pages using 7 workers (3/12) 
  Generating static pages using 7 workers (6/12) 
  Generating static pages using 7 workers (9/12) 
✓ Generating static pages using 7 workers (12/12) in 415ms
  Finalizing page optimization ...

Route (app)
┌ ƒ /
├ ○ /_not-found
├ ƒ /api/cockpit/leads/[leadId]/billing-charges
├ ƒ /api/cockpit/leads/[leadId]/billing-charges/next
├ ƒ /api/cockpit/leads/[leadId]/billing-readiness
├ ƒ /api/cockpit/leads/[leadId]/billing-record
├ ƒ /api/cockpit/leads/[leadId]/billing-settlements/[chargeId]
├ ƒ /api/cockpit/leads/[leadId]/commercial-stage
├ ƒ /api/cockpit/leads/[leadId]/crm-fields
├ ƒ /api/cockpit/leads/[leadId]/notes
├ ƒ /api/cockpit/leads/[leadId]/tasks
├ ƒ /api/cockpit/leads/[leadId]/tasks/[taskId]/status
├ ƒ /api/health
├ ƒ /api/intake
├ ƒ /api/intake-events
├ ƒ /cockpit/billing
├ ƒ /cockpit/leads
├ ƒ /cockpit/leads/[leadId]
├ ○ /como-funciona
├ ƒ /go/intake
├ ○ /health
├ ƒ /intake
├ ○ /para-quem-e
├ ○ /privacidade
└ ○ /termos


ƒ Proxy (Middleware)

○  (Static)   prerendered as static content
ƒ  (Dynamic)  server-rendered on demand

[2026-04-14T03:17:29Z] Starting built app server
[2026-04-14T03:17:30Z] Capturing health endpoint
[2026-04-14T03:17:30Z] Capturing Control Room HTML
