[2026-04-13T03:43:45Z] Using ephemeral port 45779
[2026-04-13T03:43:45Z] Running typecheck

> bruno-advisory@0.1.0 typecheck
> npm run typecheck -w @bruno-advisory/web


> @bruno-advisory/web@0.1.0 typecheck
> tsc --project tsconfig.json --noEmit

[2026-04-13T03:43:49Z] Running build

> bruno-advisory@0.1.0 build
> npm run build -w @bruno-advisory/web


> @bruno-advisory/web@0.1.0 build
> next build

  ▲ Next.js 14.2.35

   Creating an optimized production build ...
 ✓ Compiled successfully
   Linting and checking validity of types ...
   Collecting page data ...
   Generating static pages (0/6) ...
   Generating static pages (1/6) 
   Generating static pages (2/6) 
   Generating static pages (4/6) 
 ✓ Generating static pages (6/6)
   Finalizing page optimization ...
   Collecting build traces ...

Route (app)                              Size     First Load JS
┌ ○ /                                    142 B          87.4 kB
├ ○ /_not-found                          873 B          88.1 kB
├ ○ /api/health                          0 B                0 B
└ ○ /health                              142 B          87.4 kB
+ First Load JS shared by all            87.2 kB
  ├ chunks/1dd3208c-82be33c4361f6614.js  53.6 kB
  ├ chunks/528-66566e88b221e40c.js       31.7 kB
  └ other shared chunks (total)          1.86 kB


○  (Static)  prerendered as static content

[2026-04-13T03:44:33Z] Starting Next dev server
[2026-04-13T03:44:39Z] Capturing health endpoint
[2026-04-13T03:44:39Z] Capturing Control Room HTML
[2026-04-13T03:44:43Z] T0 verification passed
